app/build/intermediates/manifest_merge_blame_file/debug/manifest-merger-blame-debug-report.txt
1<?xml version="1.0" encoding="utf-8"?>
2<manifest xmlns:android="http://schemas.android.com/apk/res/android"
3    package="com.capstoneproject.fidel_peter"
4    android:versionCode="200"
5    android:versionName="2.0.0" >
6
7    <uses-sdk
8        android:minSdkVersion="16"
8-->src\main\AndroidManifest.xml
9        android:targetSdkVersion="30" />
9-->src\main\AndroidManifest.xml
10
11    <uses-permission android:name="android.permission.INTERNET" />
11-->src\main\AndroidManifest.xml:5:5-67
11-->src\main\AndroidManifest.xml:5:22-64
12
13    <application
13-->src\main\AndroidManifest.xml:7:5-25:19
14        android:allowBackup="true"
14-->src\main\AndroidManifest.xml:8:9-35
15        android:appComponentFactory="androidx.core.app.CoreComponentFactory"
15-->[androidx.core:core:1.3.1] AndroidManifest.xml:24:18-86
16        android:debuggable="true"
17        android:icon="@drawable/logo_fidel_peter"
17-->src\main\AndroidManifest.xml:9:9-50
18        android:label="@string/app_name"
18-->src\main\AndroidManifest.xml:10:9-41
19        android:roundIcon="@drawable/logo_fidel_peter"
19-->src\main\AndroidManifest.xml:11:9-55
20        android:supportsRtl="true"
20-->src\main\AndroidManifest.xml:12:9-35
21        android:testOnly="true"
22        android:theme="@style/Theme.CapstoneProject.NoActionBar" >
22-->src\main\AndroidManifest.xml:13:9-65
23        <activity android:name="com.capstoneproject.fidel_peter.fidel_peter_CuisineActivity" />
23-->src\main\AndroidManifest.xml:14:9-96
23-->src\main\AndroidManifest.xml:14:19-93
24        <activity android:name="com.capstoneproject.fidel_peter.fidel_peter_DishActivity" />
24-->src\main\AndroidManifest.xml:15:9-93
24-->src\main\AndroidManifest.xml:15:19-90
25        <activity android:name="com.capstoneproject.fidel_peter.fidel_peter_OrderDetail" />
25-->src\main\AndroidManifest.xml:16:9-92
25-->src\main\AndroidManifest.xml:16:19-89
26        <activity android:name="com.capstoneproject.fidel_peter.fidel_peter_OrderActivity" />
26-->src\main\AndroidManifest.xml:17:9-94
26-->src\main\AndroidManifest.xml:17:19-91
27        <activity android:name="com.capstoneproject.fidel_peter.fidel_peter_Activity" >
27-->src\main\AndroidManifest.xml:18:9-24:20
27-->src\main\AndroidManifest.xml:18:19-86
28            <intent-filter>
28-->src\main\AndroidManifest.xml:19:13-23:29
29                <action android:name="android.intent.action.MAIN" />
29-->src\main\AndroidManifest.xml:20:17-69
29-->src\main\AndroidManifest.xml:20:25-66
30
31                <category android:name="android.intent.category.LAUNCHER" />
31-->src\main\AndroidManifest.xml:22:17-77
31-->src\main\AndroidManifest.xml:22:27-74
32            </intent-filter>
33        </activity>
34    </application>
35
36</manifest>